Build started 3/15/2015 10:43:42 PM.
     1>Project "C:\Users\TRON\documents\visual studio 2013\Projects\CSC2430HW8\CSC2430HW8\CSC2430HW8.vcxproj" on node 2 (Build target(s)).
     1>ClCompile:
         C:\Program Files (x86)\Microsoft Visual Studio 12.0\VC\bin\CL.exe /c /ZI /nologo /W3 /WX- /Od /Oy- /D WIN32 /D _DEBUG /D _CONSOLE /D _LIB /D _UNICODE /D UNICODE /Gm /EHsc /RTC1 /MDd /GS /fp:precise /Zc:wchar_t /Zc:forScope /Fo"Debug\\" /Fd"Debug\vc120.pdb" /Gd /TP /analyze- /errorReport:prompt Hobbit.cpp client.cpp
         client.cpp
         Hobbit.cpp
     1>c:\users\tron\documents\visual studio 2013\projects\csc2430hw8\csc2430hw8\hobbit.cpp(84): error C2143: syntax error : missing ';' before '*'
     1>c:\users\tron\documents\visual studio 2013\projects\csc2430hw8\csc2430hw8\hobbit.cpp(84): error C2059: syntax error : '='
         Generating Code...
     1>Done Building Project "C:\Users\TRON\documents\visual studio 2013\Projects\CSC2430HW8\CSC2430HW8\CSC2430HW8.vcxproj" (Build target(s)) -- FAILED.

Build FAILED.

Time Elapsed 00:00:01.74
